# JRE version: OpenJDK Runtime Environment JBR-17.0.3+7-469.37-jcef (17.0.3+7) (build 17.0.3+7-b469.37)
# Java VM: OpenJDK 64-Bit Server VM JBR-17.0.3+7-469.37-jcef (17.0.3+7-b469.37, mixed mode, tiered, compressed oops, compressed class ptrs, g1 gc, windows-amd64)
GC Precious Log:
 CPUs: 8 total, 8 available
 Memory: 7991M
 Large Page Support: Disabled
 NUMA Support: Disabled
 Compressed Oops: Enabled (32-bit)
 Heap Region Size: 1M
 Heap Min Capacity: 8M
 Heap Initial Capacity: 126M
 Heap Max Capacity: 1998M
 Pre-touch: Disabled
 Parallel Workers: 8
 Concurrent Workers: 2
 Concurrent Refinement Workers: 8
 Periodic GC: Disabled
Heap:
 garbage-first heap   total 65536K, used 43812K [0x0000000083200000, 0x0000000100000000)
  region size 1024K, 15 young (15360K), 3 survivors (3072K)
 Metaspace       used 87175K, committed 87872K, reserved 1130496K
  class space    used 11638K, committed 11968K, reserved 1048576K
GC Heap History (20 events):
Event: 3.449 GC heap before
{Heap before GC invocations=8 (full 0):
 garbage-first heap   total 45056K, used 19882K [0x0000000083200000, 0x0000000100000000)
  region size 1024K, 6 young (6144K), 2 survivors (2048K)
 Metaspace       used 35682K, committed 35968K, reserved 1081344K
  class space    used 4338K, committed 4480K, reserved 1048576K
}
Event: 3.452 GC heap after
{Heap after GC invocations=9 (full 0):
 garbage-first heap   total 73728K, used 17118K [0x0000000083200000, 0x0000000100000000)
  region size 1024K, 2 young (2048K), 2 survivors (2048K)
 Metaspace       used 35682K, committed 35968K, reserved 1081344K
  class space    used 4338K, committed 4480K, reserved 1048576K
}
Event: 4.738 GC heap before
{Heap before GC invocations=10 (full 0):
 garbage-first heap   total 65536K, used 53982K [0x0000000083200000, 0x0000000100000000)
  region size 1024K, 38 young (38912K), 2 survivors (2048K)
 Metaspace       used 43087K, committed 43520K, reserved 1089536K
  class space    used 5369K, committed 5568K, reserved 1048576K
}
Event: 4.742 GC heap after
{Heap after GC invocations=11 (full 0):
 garbage-first heap   total 65536K, used 20177K [0x0000000083200000, 0x0000000100000000)
  region size 1024K, 5 young (5120K), 5 survivors (5120K)
 Metaspace       used 43087K, committed 43520K, reserved 1089536K
  class space    used 5369K, committed 5568K, reserved 1048576K
}
Event: 14.177 GC heap before
{Heap before GC invocations=11 (full 0):
 garbage-first heap   total 65536K, used 47825K [0x0000000083200000, 0x0000000100000000)
  region size 1024K, 32 young (32768K), 5 survivors (5120K)
 Metaspace       used 52368K, committed 52800K, reserved 1097728K
  class space    used 6495K, committed 6720K, reserved 1048576K
}
Event: 14.186 GC heap after
{Heap after GC invocations=12 (full 0):
 garbage-first heap   total 65536K, used 22827K [0x0000000083200000, 0x0000000100000000)
  region size 1024K, 3 young (3072K), 3 survivors (3072K)
 Metaspace       used 52368K, committed 52800K, reserved 1097728K
  class space    used 6495K, committed 6720K, reserved 1048576K
}
Event: 15.028 GC heap before
{Heap before GC invocations=12 (full 0):
 garbage-first heap   total 65536K, used 47403K [0x0000000083200000, 0x0000000100000000)
  region size 1024K, 28 young (28672K), 3 survivors (3072K)
 Metaspace       used 56689K, committed 57152K, reserved 1105920K
  class space    used 7214K, committed 7424K, reserved 1048576K
}
Event: 15.034 GC heap after
{Heap after GC invocations=13 (full 0):
 garbage-first heap   total 65536K, used 24047K [0x0000000083200000, 0x0000000100000000)
  region size 1024K, 2 young (2048K), 2 survivors (2048K)
 Metaspace       used 56689K, committed 57152K, reserved 1105920K
  class space    used 7214K, committed 7424K, reserved 1048576K
}
Event: 15.545 GC heap before
{Heap before GC invocations=13 (full 0):
 garbage-first heap   total 65536K, used 35311K [0x0000000083200000, 0x0000000100000000)
  region size 1024K, 14 young (14336K), 2 survivors (2048K)
 Metaspace       used 59837K, committed 60288K, reserved 1105920K
  class space    used 7701K, committed 7936K, reserved 1048576K
}
Event: 15.550 GC heap after
{Heap after GC invocations=14 (full 0):
 garbage-first heap   total 65536K, used 24396K [0x0000000083200000, 0x0000000100000000)
  region size 1024K, 2 young (2048K), 2 survivors (2048K)
 Metaspace       used 59837K, committed 60288K, reserved 1105920K
  class space    used 7701K, committed 7936K, reserved 1048576K
}
Event: 16.876 GC heap before
{Heap before GC invocations=15 (full 0):
 garbage-first heap   total 65536K, used 49996K [0x0000000083200000, 0x0000000100000000)
  region size 1024K, 28 young (28672K), 2 survivors (2048K)
 Metaspace       used 67682K, committed 68160K, reserved 1114112K
  class space    used 8805K, committed 9024K, reserved 1048576K
}
Event: 16.879 GC heap after
{Heap after GC invocations=16 (full 0):
 garbage-first heap   total 65536K, used 25455K [0x0000000083200000, 0x0000000100000000)
  region size 1024K, 3 young (3072K), 3 survivors (3072K)
 Metaspace       used 67682K, committed 68160K, reserved 1114112K
  class space    used 8805K, committed 9024K, reserved 1048576K
}
Event: 17.626 GC heap before
{Heap before GC invocations=16 (full 0):
 garbage-first heap   total 65536K, used 50031K [0x0000000083200000, 0x0000000100000000)
  region size 1024K, 28 young (28672K), 3 survivors (3072K)
 Metaspace       used 73579K, committed 74112K, reserved 1114112K
  class space    used 9764K, committed 9984K, reserved 1048576K
}
Event: 17.631 GC heap after
{Heap after GC invocations=17 (full 0):
 garbage-first heap   total 65536K, used 27057K [0x0000000083200000, 0x0000000100000000)
  region size 1024K, 4 young (4096K), 4 survivors (4096K)
 Metaspace       used 73579K, committed 74112K, reserved 1114112K
  class space    used 9764K, committed 9984K, reserved 1048576K
}
Event: 18.345 GC heap before
{Heap before GC invocations=17 (full 0):
 garbage-first heap   total 65536K, used 50609K [0x0000000083200000, 0x0000000100000000)
  region size 1024K, 28 young (28672K), 4 survivors (4096K)
 Metaspace       used 77806K, committed 78336K, reserved 1122304K
  class space    used 10373K, committed 10624K, reserved 1048576K
}
Event: 18.354 GC heap after
{Heap after GC invocations=18 (full 0):
 garbage-first heap   total 65536K, used 29095K [0x0000000083200000, 0x0000000100000000)
  region size 1024K, 4 young (4096K), 4 survivors (4096K)
 Metaspace       used 77806K, committed 78336K, reserved 1122304K
  class space    used 10373K, committed 10624K, reserved 1048576K
}
Event: 18.820 GC heap before
{Heap before GC invocations=18 (full 0):
 garbage-first heap   total 65536K, used 51623K [0x0000000083200000, 0x0000000100000000)
  region size 1024K, 26 young (26624K), 4 survivors (4096K)
 Metaspace       used 81171K, committed 81792K, reserved 1122304K
  class space    used 10846K, committed 11136K, reserved 1048576K
}
Event: 18.824 GC heap after
{Heap after GC invocations=19 (full 0):
 garbage-first heap   total 65536K, used 31346K [0x0000000083200000, 0x0000000100000000)
  region size 1024K, 4 young (4096K), 4 survivors (4096K)
 Metaspace       used 81171K, committed 81792K, reserved 1122304K
  class space    used 10846K, committed 11136K, reserved 1048576K
}
Event: 23.113 GC heap before
{Heap before GC invocations=19 (full 0):
 garbage-first heap   total 65536K, used 51826K [0x0000000083200000, 0x0000000100000000)
  region size 1024K, 24 young (24576K), 4 survivors (4096K)
 Metaspace       used 85249K, committed 85888K, reserved 1130496K
  class space    used 11396K, committed 11712K, reserved 1048576K
}
Event: 23.120 GC heap after
{Heap after GC invocations=20 (full 0):
 garbage-first heap   total 65536K, used 33572K [0x0000000083200000, 0x0000000100000000)
  region size 1024K, 3 young (3072K), 3 survivors (3072K)
 Metaspace       used 85249K, committed 85888K, reserved 1130496K
  class space    used 11396K, committed 11712K, reserved 1048576K
}

